<?xml version="1.0" encoding="UTF-8"?>
<!-- Generated by org.testng.reporters.JUnitReportReporter -->
<testsuite skipped="0" hostname="ADCUMDLBB7FT3" name="basics5" tests="1" failures="0" timestamp="2020-02-20T08:01:16 PST" time="8.678" errors="0">
  <testcase name="TestCase1" time="8.678" classname="basics5"/>
</testsuite> <!-- basics5 -->
