<?xml version="1.0" encoding="UTF-8"?>
<!-- Generated by org.testng.reporters.JUnitReportReporter -->
<testsuite skipped="0" hostname="ADCUMDLBB7FT3" name="basics4" tests="1" failures="0" timestamp="2020-02-20T07:48:24 PST" time="6.555" errors="0">
  <testcase name="TestCase1" time="6.555" classname="basics4"/>
</testsuite> <!-- basics4 -->
