<?xml version="1.0" encoding="UTF-8"?>
<!-- Generated by org.testng.reporters.JUnitReportReporter -->
<testsuite skipped="0" hostname="ADCUMDLBB7FT3" name="basics3a" tests="1" failures="0" timestamp="2020-02-20T07:26:56 PST" time="8.203" errors="0">
  <testcase name="postAndDeleteData" time="8.203" classname="basics3a"/>
</testsuite> <!-- basics3a -->
