<?xml version="1.0" encoding="UTF-8"?>
<!-- Generated by org.testng.reporters.JUnitReportReporter -->
<testsuite skipped="0" hostname="ADCUMDLBB7FT3" name="DynamicJson" tests="2" failures="0" timestamp="2020-02-25T12:31:51 PST" time="6.691" errors="0">
  <testcase name="addBook" time="6.110" classname="DynamicJson"/>
  <testcase name="addBook" time="0.581" classname="DynamicJson"/>
</testsuite> <!-- DynamicJson -->
