<?xml version="1.0" encoding="UTF-8"?>
<!-- Generated by org.testng.reporters.JUnitReportReporter -->
<testsuite skipped="0" hostname="ADCUMDLBB7FT3" name="basics3" tests="1" failures="0" timestamp="2020-02-19T12:29:43 PST" time="4.931" errors="0">
  <testcase name="postAndDeleteData" time="4.931" classname="basics3"/>
</testsuite> <!-- basics3 -->
