<?xml version="1.0" encoding="UTF-8"?>
<!-- Generated by org.testng.reporters.JUnitReportReporter -->
<testsuite skipped="0" hostname="ADCUMDLBB7FT3" name="basics2" tests="1" failures="0" timestamp="2020-03-05T13:05:50 PST" time="4.437" errors="0">
  <testcase name="postData" time="4.437" classname="basics2"/>
</testsuite> <!-- basics2 -->
