<?xml version="1.0" encoding="UTF-8"?>
<!-- Generated by org.testng.reporters.JUnitReportReporter -->
<testsuite skipped="0" hostname="ADCUMDLBB7FT3" name="basics" tests="1" failures="0" timestamp="2020-03-05T13:00:50 PST" time="8.841" errors="0">
  <testcase name="TestCase1" time="8.841" classname="basics"/>
</testsuite> <!-- basics -->
