<?xml version="1.0" encoding="UTF-8"?>
<!-- Generated by org.testng.reporters.JUnitReportReporter -->
<testsuite skipped="0" hostname="ADCUMDLBB7FT3" name="Test.day7" tests="3" failures="0" timestamp="2019-10-12T13:19:54 PDT" time="0.016" errors="0">
  <testcase name="ParametersTesting" time="0.000" classname="Test.day7"/>
  <testcase name="ParametersTesting" time="0.000" classname="Test.day7"/>
  <testcase name="ParametersTesting" time="0.016" classname="Test.day7"/>
</testsuite> <!-- Test.day7 -->
