<?xml version="1.0" encoding="UTF-8"?>
<!-- Generated by org.testng.reporters.JUnitReportReporter -->
<testsuite skipped="0" hostname="ADCUMDLBB7FT3" name="Test.day4" tests="1" failures="0" timestamp="2019-10-12T14:01:33 PDT" time="0.002" errors="0">
  <testcase name="MobileLoginHomeLoan" time="0.002" classname="Test.day4"/>
</testsuite> <!-- Test.day4 -->
