<?xml version="1.0" encoding="UTF-8"?>
<!-- Generated by org.testng.reporters.JUnitReportReporter -->
<testsuite skipped="0" hostname="ADCUMDLBB7FT3" name="Test.day3" tests="2" failures="0" timestamp="2019-10-12T14:01:33 PDT" time="0.037" errors="0">
  <testcase name="WebLoginCarLoan" time="0.017" classname="Test.day3"/>
  <testcase name="LoginAPICarLoan" time="0.020" classname="Test.day3"/>
</testsuite> <!-- Test.day3 -->
