<?xml version="1.0" encoding="UTF-8"?>
<!-- Generated by org.testng.reporters.JUnitReportReporter -->
<testsuite skipped="0" hostname="ADCUMDLBB7FT3" name="Test.day5" tests="2" failures="0" timestamp="2019-10-12T12:57:44 PDT" time="0.031" errors="0">
  <testcase name="ParametersTesting" time="0.022" classname="Test.day5"/>
  <testcase name="ParametersTesting" time="0.009" classname="Test.day5"/>
</testsuite> <!-- Test.day5 -->
