<?xml version="1.0" encoding="UTF-8"?>
<!-- Generated by org.testng.reporters.JUnitReportReporter -->
<testsuite skipped="0" hostname="ADCUMDLBB7FT3" name="Test.day2" tests="1" failures="0" timestamp="2019-10-12T14:01:33 PDT" time="0.005" errors="0">
  <testcase name="PersonalLoan" time="0.005" classname="Test.day2"/>
</testsuite> <!-- Test.day2 -->
